  64 bit Processing src\LaTeXSnipperFormula.idl
  LaTeXSnipperFormula.idl
  64 bit Processing C:\Program Files (x86)\Windows Kits\10\Include\10.0.26100.0\um\oaidl.idl
  oaidl.idl
  64 bit Processing C:\Program Files (x86)\Windows Kits\10\Include\10.0.26100.0\um\objidl.idl
  objidl.idl
  64 bit Processing C:\Program Files (x86)\Windows Kits\10\Include\10.0.26100.0\um\unknwn.idl
  unknwn.idl
  64 bit Processing C:\Program Files (x86)\Windows Kits\10\Include\10.0.26100.0\shared\wtypes.idl
  wtypes.idl
  64 bit Processing C:\Program Files (x86)\Windows Kits\10\Include\10.0.26100.0\shared\wtypesbase.idl
  wtypesbase.idl
  64 bit Processing C:\Program Files (x86)\Windows Kits\10\Include\10.0.26100.0\shared\basetsd.h
  basetsd.h
  64 bit Processing C:\Program Files (x86)\Windows Kits\10\Include\10.0.26100.0\shared\guiddef.h
  guiddef.h
  64 bit Processing C:\Program Files (x86)\Windows Kits\10\Include\10.0.26100.0\um\ocidl.idl
  ocidl.idl
  64 bit Processing C:\Program Files (x86)\Windows Kits\10\Include\10.0.26100.0\um\oleidl.idl
  oleidl.idl
  64 bit Processing C:\Program Files (x86)\Windows Kits\10\Include\10.0.26100.0\um\servprov.idl
  servprov.idl
  64 bit Processing C:\Program Files (x86)\Windows Kits\10\Include\10.0.26100.0\um\urlmon.idl
  urlmon.idl
  64 bit Processing C:\Program Files (x86)\Windows Kits\10\Include\10.0.26100.0\um\msxml.idl
  msxml.idl
  64 bit Processing C:\Program Files (x86)\Windows Kits\10\Include\10.0.26100.0\um\oaidl.acf
  oaidl.acf
  64 bit Processing C:\Program Files (x86)\Windows Kits\10\Include\10.0.26100.0\um\ocidl.acf
  ocidl.acf
  FormulaOleObject.cpp
C:\Users\WangWenXuan\Documents\GitHub\LaTeXSnipper-Office\apps\native-office\LaTeXSnipper.OleFormulaObjectNative\src\FormulaOleObject.cpp(1,1): warning C4819: 该文件包含不能在当前代码页(936)中表示的字符。请将该文件保存为 Unicode 格式以防止数据丢失
C:\Users\WangWenXuan\Documents\GitHub\LaTeXSnipper-Office\apps\native-office\LaTeXSnipper.OleFormulaObjectNative\src\Presentation.h(3,9): warning C4005: “WIN32_LEAN_AND_MEAN”: 宏重定义
  (编译源文件“src/FormulaOleObject.cpp”)
      C:\Users\WangWenXuan\Documents\GitHub\LaTeXSnipper-Office\apps\native-office\LaTeXSnipper.OleFormulaObjectNative\src\Presentation.h(3,9):
      之前在命令行上声明的“WIN32_LEAN_AND_MEAN”
  
C:\Users\WangWenXuan\Documents\GitHub\LaTeXSnipper-Office\apps\native-office\LaTeXSnipper.OleFormulaObjectNative\src\FormulaOleObject.cpp(1115,1): warning C4819: 该文件包含不能在当前代码页(936)中表示的字符。请将该文件保存为 Unicode 格式以防止数据丢失
C:\Users\WangWenXuan\Documents\GitHub\LaTeXSnipper-Office\apps\native-office\LaTeXSnipper.OleFormulaObjectNative\src\FormulaOleObject.cpp(1218,162): warning C4100: 'puArgErr': 未引用的参数
C:\Users\WangWenXuan\Documents\GitHub\LaTeXSnipper-Office\apps\native-office\LaTeXSnipper.OleFormulaObjectNative\src\FormulaOleObject.cpp(1218,144): warning C4100: 'pExcepInfo': 未引用的参数
  NativeLog.cpp
  OleEditSession.cpp
C:\Users\WangWenXuan\Documents\GitHub\LaTeXSnipper-Office\apps\native-office\LaTeXSnipper.OleFormulaObjectNative\src\OleEditSession.cpp(1,1): warning C4819: 该文件包含不能在当前代码页(936)中表示的字符。请将该文件保存为 Unicode 格式以防止数据丢失
C:\Users\WangWenXuan\Documents\GitHub\LaTeXSnipper-Office\apps\native-office\LaTeXSnipper.OleFormulaObjectNative\src\Presentation.h(3,9): warning C4005: “WIN32_LEAN_AND_MEAN”: 宏重定义
  (编译源文件“src/OleEditSession.cpp”)
      C:\Users\WangWenXuan\Documents\GitHub\LaTeXSnipper-Office\apps\native-office\LaTeXSnipper.OleFormulaObjectNative\src\Presentation.h(3,9):
      之前在命令行上声明的“WIN32_LEAN_AND_MEAN”
  
C:\Users\WangWenXuan\Documents\GitHub\LaTeXSnipper-Office\apps\native-office\LaTeXSnipper.OleFormulaObjectNative\src\JsonHelper.h(1,1): warning C4819: 该文件包含不能在当前代码页(936)中表示的字符。请将该文件保存为 Unicode 格式以防止数据丢失
  (编译源文件“src/OleEditSession.cpp”)
  
C:\Users\WangWenXuan\Documents\GitHub\LaTeXSnipper-Office\apps\native-office\LaTeXSnipper.OleFormulaObjectNative\src\JsonHelper.h(70,95): warning C4100: 'parentKey': 未引用的参数
  (编译源文件“src/OleEditSession.cpp”)
  
  OleFormulaHandlerModule.cpp
C:\Users\WangWenXuan\Documents\GitHub\LaTeXSnipper-Office\apps\native-office\LaTeXSnipper.OleFormulaObjectNative\src\Presentation.h(3,9): warning C4005: “WIN32_LEAN_AND_MEAN”: 宏重定义
  (编译源文件“src/OleFormulaHandlerModule.cpp”)
      C:\Users\WangWenXuan\Documents\GitHub\LaTeXSnipper-Office\apps\native-office\LaTeXSnipper.OleFormulaObjectNative\src\Presentation.h(3,9):
      之前在命令行上声明的“WIN32_LEAN_AND_MEAN”
  
  Presentation.cpp
C:\Users\WangWenXuan\Documents\GitHub\LaTeXSnipper-Office\apps\native-office\LaTeXSnipper.OleFormulaObjectNative\src\Presentation.cpp(1,1): warning C4819: 该文件包含不能在当前代码页(936)中表示的字符。请将该文件保存为 Unicode 格式以防止数据丢失
C:\Users\WangWenXuan\Documents\GitHub\LaTeXSnipper-Office\apps\native-office\LaTeXSnipper.OleFormulaObjectNative\src\Presentation.h(3,9): warning C4005: “WIN32_LEAN_AND_MEAN”: 宏重定义
  (编译源文件“src/Presentation.cpp”)
      C:\Users\WangWenXuan\Documents\GitHub\LaTeXSnipper-Office\apps\native-office\LaTeXSnipper.OleFormulaObjectNative\src\Presentation.h(3,9):
      之前在命令行上声明的“WIN32_LEAN_AND_MEAN”
  
C:\Users\WangWenXuan\Documents\GitHub\LaTeXSnipper-Office\apps\native-office\LaTeXSnipper.OleFormulaObjectNative\src\JsonHelper.h(1,1): warning C4819: 该文件包含不能在当前代码页(936)中表示的字符。请将该文件保存为 Unicode 格式以防止数据丢失
  (编译源文件“src/Presentation.cpp”)
  
C:\Users\WangWenXuan\Documents\GitHub\LaTeXSnipper-Office\apps\native-office\LaTeXSnipper.OleFormulaObjectNative\src\JsonHelper.h(70,95): warning C4100: 'parentKey': 未引用的参数
  (编译源文件“src/Presentation.cpp”)
  
  StorageUtil.cpp
C:\Users\WangWenXuan\Documents\GitHub\LaTeXSnipper-Office\apps\native-office\LaTeXSnipper.OleFormulaObjectNative\src\StorageUtil.cpp(1,1): warning C4819: 该文件包含不能在当前代码页(936)中表示的字符。请将该文件保存为 Unicode 格式以防止数据丢失
C:\Users\WangWenXuan\Documents\GitHub\LaTeXSnipper-Office\apps\native-office\LaTeXSnipper.OleFormulaObjectNative\src\Presentation.h(3,9): warning C4005: “WIN32_LEAN_AND_MEAN”: 宏重定义
  (编译源文件“src/StorageUtil.cpp”)
      C:\Users\WangWenXuan\Documents\GitHub\LaTeXSnipper-Office\apps\native-office\LaTeXSnipper.OleFormulaObjectNative\src\Presentation.h(3,9):
      之前在命令行上声明的“WIN32_LEAN_AND_MEAN”
  
  正在生成代码...
    正在创建库 C:\Users\WangWenXuan\Documents\GitHub\LaTeXSnipper-Office\apps\native-office\LaTeXSnipper.OleFormulaObjectNative\bin\x64\Debug\LaTeXSnipper.OfficePlugin.OleFormulaObject.Handler.x64.lib 和对象 C:\Users\WangWenXuan\Documents\GitHub\LaTeXSnipper-Office\apps\native-office\LaTeXSnipper.OleFormulaObjectNative\bin\x64\Debug\LaTeXSnipper.OfficePlugin.OleFormulaObject.Handler.x64.exp
  LaTeXSnipper.OfficePlugin.OleFormulaObjectHandler.vcxproj -> C:\Users\WangWenXuan\Documents\GitHub\LaTeXSnipper-Office\apps\native-office\LaTeXSnipper.OleFormulaObjectNative\bin\x64\Debug\LaTeXSnipper.OfficePlugin.OleFormulaObject.Handler.x64.dll
